<?xml version="1.0" encoding="UTF-8"?>
<testng-results skipped="6" failed="0" total="6" passed="0">
  <reporter-output>
  </reporter-output>
  <suite name="Flynas" duration-ms="138" started-at="2017-11-21T08:19:14Z" finished-at="2017-11-21T08:19:14Z">
    <groups>
      <group name="ios">
        <method signature="TC01_oneWayDomesticEcoSADAD.TC_01_oneWayDomesticEcoSADAD(java.lang.String, java.lang.String, java.lang.String, java.lang.String, java.lang.String, java.lang.String, java.lang.String, java.lang.String, java.lang.String, java.lang.String, java.lang.String, java.lang.String, java.lang.String, java.lang.String, java.lang.String, java.lang.String, java.lang.String, java.lang.String, java.lang.String, java.lang.String, java.lang.String, java.lang.String, java.lang.String, java.lang.String, java.lang.String, java.lang.String, java.lang.String, java.lang.String)[pri:0, instance:flynas.ios.uat.reg.TC01_oneWayDomesticEcoSADAD@2e005c4b]" name="TC_01_oneWayDomesticEcoSADAD" class="flynas.ios.uat.reg.TC01_oneWayDomesticEcoSADAD"/>
        <method signature="TC02_oneWayDomesticBusinessCC.TC_02_oneWayDomesticBusinessCC(java.lang.String, java.lang.String, java.lang.String, java.lang.String, java.lang.String, java.lang.String, java.lang.String, java.lang.String, java.lang.String, java.lang.String, java.lang.String, java.lang.String, java.lang.String, java.lang.String, java.lang.String, java.lang.String, java.lang.String, java.lang.String, java.lang.String, java.lang.String, java.lang.String, java.lang.String, java.lang.String, java.lang.String, java.lang.String, java.lang.String, java.lang.String, java.lang.String)[pri:0, instance:flynas.ios.uat.reg.TC02_oneWayDomesticBusinessCC@5e0826e7]" name="TC_02_oneWayDomesticBusinessCC" class="flynas.ios.uat.reg.TC02_oneWayDomesticBusinessCC"/>
        <method signature="TC04_oneWayDomesticoneAdultCheckin.TC_04_oneWayDomesticoneAdultCheckin(java.lang.String, java.lang.String, java.lang.String, java.lang.String, java.lang.String, java.lang.String, java.lang.String, java.lang.String, java.lang.String, java.lang.String, java.lang.String, java.lang.String, java.lang.String, java.lang.String, java.lang.String, java.lang.String, java.lang.String, java.lang.String, java.lang.String, java.lang.String, java.lang.String, java.lang.String, java.lang.String, java.lang.String, java.lang.String, java.lang.String, java.lang.String, java.lang.String)[pri:0, instance:flynas.ios.uat.reg.TC04_oneWayDomesticoneAdultCheckin@5af3afd9]" name="TC_04_oneWayDomesticoneAdultCheckin" class="flynas.ios.uat.reg.TC04_oneWayDomesticoneAdultCheckin"/>
        <method signature="TC06_oneWayInternatnlTwoAdultEco.TC_06_oneWayInternatnlTwoAdultEco(java.lang.String, java.lang.String, java.lang.String, java.lang.String, java.lang.String, java.lang.String, java.lang.String, java.lang.String, java.lang.String, java.lang.String, java.lang.String, java.lang.String, java.lang.String, java.lang.String, java.lang.String, java.lang.String, java.lang.String, java.lang.String, java.lang.String, java.lang.String, java.lang.String, java.lang.String, java.lang.String, java.lang.String, java.lang.String, java.lang.String, java.lang.String, java.lang.String)[pri:0, instance:flynas.ios.uat.reg.TC06_oneWayInternatnlTwoAdultEco@323b36e0]" name="TC_06_oneWayInternatnlTwoAdultEco" class="flynas.ios.uat.reg.TC06_oneWayInternatnlTwoAdultEco"/>
        <method signature="TC07_roundTripDomFourAdultBusines.TC_06_oneWayInternatnlTwoAdultEco(java.lang.String, java.lang.String, java.lang.String, java.lang.String, java.lang.String, java.lang.String, java.lang.String, java.lang.String, java.lang.String, java.lang.String, java.lang.String, java.lang.String, java.lang.String, java.lang.String, java.lang.String, java.lang.String, java.lang.String, java.lang.String, java.lang.String, java.lang.String, java.lang.String, java.lang.String, java.lang.String, java.lang.String, java.lang.String, java.lang.String, java.lang.String, java.lang.String)[pri:0, instance:flynas.ios.uat.reg.TC07_roundTripDomFourAdultBusines@44ebcd03]" name="TC_06_oneWayInternatnlTwoAdultEco" class="flynas.ios.uat.reg.TC07_roundTripDomFourAdultBusines"/>
        <method signature="TC08_roundTripInt1Adt1chld1infntBusExtras.TC_08_roundTripInt1Adt1chld1infntBusExtras(java.lang.String, java.lang.String, java.lang.String, java.lang.String, java.lang.String, java.lang.String, java.lang.String, java.lang.String, java.lang.String, java.lang.String, java.lang.String, java.lang.String, java.lang.String, java.lang.String, java.lang.String, java.lang.String, java.lang.String, java.lang.String, java.lang.String, java.lang.String, java.lang.String, java.lang.String, java.lang.String, java.lang.String, java.lang.String, java.lang.String, java.lang.String, java.lang.String)[pri:0, instance:flynas.ios.uat.reg.TC08_roundTripInt1Adt1chld1infntBusExtras@694abbdc]" name="TC_08_roundTripInt1Adt1chld1infntBusExtras" class="flynas.ios.uat.reg.TC08_roundTripInt1Adt1chld1infntBusExtras"/>
      </group> <!-- ios -->
    </groups>
    <test name="Grouping" duration-ms="138" started-at="2017-11-21T08:19:14Z" finished-at="2017-11-21T08:19:14Z">
      <class name="flynas.ios.uat.reg.TC04_oneWayDomesticoneAdultCheckin">
        <test-method status="SKIP" signature="reportHeader(java.lang.reflect.Method)[pri:0, instance:flynas.ios.uat.reg.TC04_oneWayDomesticoneAdultCheckin@5af3afd9]" name="reportHeader" is-config="true" duration-ms="0" started-at="2017-11-21T13:49:14Z" finished-at="2017-11-21T13:49:14Z">
          <reporter-output>
          </reporter-output>
        </test-method> <!-- reportHeader -->
        <test-method status="SKIP" signature="TC_04_oneWayDomesticoneAdultCheckin(java.lang.String, java.lang.String, java.lang.String, java.lang.String, java.lang.String, java.lang.String, java.lang.String, java.lang.String, java.lang.String, java.lang.String, java.lang.String, java.lang.String, java.lang.String, java.lang.String, java.lang.String, java.lang.String, java.lang.String, java.lang.String, java.lang.String, java.lang.String, java.lang.String, java.lang.String, java.lang.String, java.lang.String, java.lang.String, java.lang.String, java.lang.String, java.lang.String)[pri:0, instance:flynas.ios.uat.reg.TC04_oneWayDomesticoneAdultCheckin@5af3afd9]" name="TC_04_oneWayDomesticoneAdultCheckin" duration-ms="2" started-at="2017-11-21T13:49:14Z" data-provider="testData" finished-at="2017-11-21T13:49:14Z">
          <params>
            <param index="0">
              <value>
                <![CDATA[One Way]]>
              </value>
            </param>
            <param index="1">
              <value>
                <![CDATA[RUH]]>
              </value>
            </param>
            <param index="2">
              <value>
                <![CDATA[JED]]>
              </value>
            </param>
            <param index="3">
              <value>
                <![CDATA[Day\\^0]]>
              </value>
            </param>
            <param index="4">
              <value>
                <![CDATA[]]>
              </value>
            </param>
            <param index="5">
              <value>
                <![CDATA[]]>
              </value>
            </param>
            <param index="6">
              <value>
                <![CDATA[Day\\^2]]>
              </value>
            </param>
            <param index="7">
              <value>
                <![CDATA[1]]>
              </value>
            </param>
            <param index="8">
              <value>
                <![CDATA[0]]>
              </value>
            </param>
            <param index="9">
              <value>
                <![CDATA[0]]>
              </value>
            </param>
            <param index="10">
              <value>
                <![CDATA[]]>
              </value>
            </param>
            <param index="11">
              <value>
                <![CDATA[Economy]]>
              </value>
            </param>
            <param index="12">
              <value>
                <![CDATA[Domestic]]>
              </value>
            </param>
            <param index="13">
              <value>
                <![CDATA[1]]>
              </value>
            </param>
            <param index="14">
              <value>
                <![CDATA[Afghanistan]]>
              </value>
            </param>
            <param index="15">
              <value>
                <![CDATA[National ID Card]]>
              </value>
            </param>
            <param index="16">
              <value>
                <![CDATA[F123456]]>
              </value>
            </param>
            <param index="17">
              <value>
                <![CDATA[1234567890]]>
              </value>
            </param>
            <param index="18">
              <value>
                <![CDATA[503368612]]>
              </value>
            </param>
            <param index="19">
              <value>
                <![CDATA[ciginitiautousr1@yopmail.com]]>
              </value>
            </param>
            <param index="20">
              <value>
                <![CDATA[Extra Leg Room]]>
              </value>
            </param>
            <param index="21">
              <value>
                <![CDATA[Credit Card]]>
              </value>
            </param>
            <param index="22">
              <value>
                <![CDATA[]]>
              </value>
            </param>
            <param index="23">
              <value>
                <![CDATA[0]]>
              </value>
            </param>
            <param index="24">
              <value>
                <![CDATA[]]>
              </value>
            </param>
            <param index="25">
              <value>
                <![CDATA[ciginitiautousr1@yopmail.com]]>
              </value>
            </param>
            <param index="26">
              <value>
                <![CDATA[Test@1234]]>
              </value>
            </param>
            <param index="27">
              <value>
                <![CDATA[Validate oneWay Domestic one Adult Checkin]]>
              </value>
            </param>
          </params>
          <reporter-output>
          </reporter-output>
        </test-method> <!-- TC_04_oneWayDomesticoneAdultCheckin -->
        <test-method status="FAIL" signature="tearDownMethod()[pri:0, instance:flynas.ios.uat.reg.TC04_oneWayDomesticoneAdultCheckin@5af3afd9]" name="tearDownMethod" is-config="true" duration-ms="0" started-at="2017-11-21T13:49:14Z" finished-at="2017-11-21T13:49:14Z">
          <exception class="java.lang.NullPointerException">
            <full-stacktrace>
              <![CDATA[java.lang.NullPointerException
	at com.ctaf.accelerators.TestEngine.tearDownMethod(TestEngine.java:487)
	at sun.reflect.NativeMethodAccessorImpl.invoke0(Native Method)
	at sun.reflect.NativeMethodAccessorImpl.invoke(NativeMethodAccessorImpl.java:62)
	at sun.reflect.DelegatingMethodAccessorImpl.invoke(DelegatingMethodAccessorImpl.java:43)
	at java.lang.reflect.Method.invoke(Method.java:497)
	at org.testng.internal.MethodInvocationHelper.invokeMethod(MethodInvocationHelper.java:80)
	at org.testng.internal.Invoker.invokeConfigurationMethod(Invoker.java:564)
	at org.testng.internal.Invoker.invokeConfigurations(Invoker.java:213)
	at org.testng.internal.Invoker.invokeMethod(Invoker.java:786)
	at org.testng.internal.Invoker.invokeTestMethod(Invoker.java:901)
	at org.testng.internal.Invoker.invokeTestMethods(Invoker.java:1231)
	at org.testng.internal.TestMethodWorker.invokeTestMethods(TestMethodWorker.java:127)
	at org.testng.internal.TestMethodWorker.run(TestMethodWorker.java:111)
	at org.testng.TestRunner.privateRun(TestRunner.java:767)
	at org.testng.TestRunner.run(TestRunner.java:617)
	at org.testng.SuiteRunner.runTest(SuiteRunner.java:334)
	at org.testng.SuiteRunner.runSequentially(SuiteRunner.java:329)
	at org.testng.SuiteRunner.privateRun(SuiteRunner.java:291)
	at org.testng.SuiteRunner.run(SuiteRunner.java:240)
	at org.testng.SuiteRunnerWorker.runSuite(SuiteRunnerWorker.java:52)
	at org.testng.SuiteRunnerWorker.run(SuiteRunnerWorker.java:86)
	at org.testng.TestNG.runSuitesSequentially(TestNG.java:1198)
	at org.testng.TestNG.runSuitesLocally(TestNG.java:1123)
	at org.testng.TestNG.run(TestNG.java:1031)
	at org.testng.remote.AbstractRemoteTestNG.run(AbstractRemoteTestNG.java:132)
	at org.testng.remote.RemoteTestNG.initAndRun(RemoteTestNG.java:230)
	at org.testng.remote.RemoteTestNG.main(RemoteTestNG.java:76)
]]>
            </full-stacktrace>
          </exception> <!-- java.lang.NullPointerException -->
          <reporter-output>
          </reporter-output>
        </test-method> <!-- tearDownMethod -->
      </class> <!-- flynas.ios.uat.reg.TC04_oneWayDomesticoneAdultCheckin -->
      <class name="flynas.ios.uat.reg.TC02_oneWayDomesticBusinessCC">
        <test-method status="PASS" signature="setupSuite(org.testng.ITestContext)[pri:0, instance:flynas.ios.uat.reg.TC02_oneWayDomesticBusinessCC@5e0826e7]" name="setupSuite" is-config="true" duration-ms="1357" started-at="2017-11-21T13:49:13Z" finished-at="2017-11-21T13:49:14Z">
          <params>
            <param index="0">
              <value>
                <![CDATA[org.testng.TestRunner@5b67bb7e]]>
              </value>
            </param>
          </params>
          <reporter-output>
          </reporter-output>
        </test-method> <!-- setupSuite -->
        <test-method status="SKIP" signature="reportHeader(java.lang.reflect.Method)[pri:0, instance:flynas.ios.uat.reg.TC02_oneWayDomesticBusinessCC@5e0826e7]" name="reportHeader" is-config="true" duration-ms="0" started-at="2017-11-21T13:49:14Z" finished-at="2017-11-21T13:49:14Z">
          <reporter-output>
          </reporter-output>
        </test-method> <!-- reportHeader -->
        <test-method status="SKIP" signature="TC_02_oneWayDomesticBusinessCC(java.lang.String, java.lang.String, java.lang.String, java.lang.String, java.lang.String, java.lang.String, java.lang.String, java.lang.String, java.lang.String, java.lang.String, java.lang.String, java.lang.String, java.lang.String, java.lang.String, java.lang.String, java.lang.String, java.lang.String, java.lang.String, java.lang.String, java.lang.String, java.lang.String, java.lang.String, java.lang.String, java.lang.String, java.lang.String, java.lang.String, java.lang.String, java.lang.String)[pri:0, instance:flynas.ios.uat.reg.TC02_oneWayDomesticBusinessCC@5e0826e7]" name="TC_02_oneWayDomesticBusinessCC" duration-ms="1" started-at="2017-11-21T13:49:14Z" data-provider="testData" finished-at="2017-11-21T13:49:14Z">
          <params>
            <param index="0">
              <value>
                <![CDATA[One Way]]>
              </value>
            </param>
            <param index="1">
              <value>
                <![CDATA[RUH]]>
              </value>
            </param>
            <param index="2">
              <value>
                <![CDATA[JED]]>
              </value>
            </param>
            <param index="3">
              <value>
                <![CDATA[Day\\^0]]>
              </value>
            </param>
            <param index="4">
              <value>
                <![CDATA[]]>
              </value>
            </param>
            <param index="5">
              <value>
                <![CDATA[]]>
              </value>
            </param>
            <param index="6">
              <value>
                <![CDATA[Day\\^2]]>
              </value>
            </param>
            <param index="7">
              <value>
                <![CDATA[1]]>
              </value>
            </param>
            <param index="8">
              <value>
                <![CDATA[0]]>
              </value>
            </param>
            <param index="9">
              <value>
                <![CDATA[0]]>
              </value>
            </param>
            <param index="10">
              <value>
                <![CDATA[]]>
              </value>
            </param>
            <param index="11">
              <value>
                <![CDATA[Business]]>
              </value>
            </param>
            <param index="12">
              <value>
                <![CDATA[Domestic]]>
              </value>
            </param>
            <param index="13">
              <value>
                <![CDATA[1]]>
              </value>
            </param>
            <param index="14">
              <value>
                <![CDATA[Afghanistan]]>
              </value>
            </param>
            <param index="15">
              <value>
                <![CDATA[National ID Card]]>
              </value>
            </param>
            <param index="16">
              <value>
                <![CDATA[F123456]]>
              </value>
            </param>
            <param index="17">
              <value>
                <![CDATA[1234567890]]>
              </value>
            </param>
            <param index="18">
              <value>
                <![CDATA[503368612]]>
              </value>
            </param>
            <param index="19">
              <value>
                <![CDATA[ciginitiautousr1@yopmail.com]]>
              </value>
            </param>
            <param index="20">
              <value>
                <![CDATA[Business]]>
              </value>
            </param>
            <param index="21">
              <value>
                <![CDATA[Credit Card]]>
              </value>
            </param>
            <param index="22">
              <value>
                <![CDATA[]]>
              </value>
            </param>
            <param index="23">
              <value>
                <![CDATA[0]]>
              </value>
            </param>
            <param index="24">
              <value>
                <![CDATA[]]>
              </value>
            </param>
            <param index="25">
              <value>
                <![CDATA[ciginitiautousr1@yopmail.com]]>
              </value>
            </param>
            <param index="26">
              <value>
                <![CDATA[Test@1234]]>
              </value>
            </param>
            <param index="27">
              <value>
                <![CDATA[Validate oneWay Domestic Business with CreditCard]]>
              </value>
            </param>
          </params>
          <reporter-output>
          </reporter-output>
        </test-method> <!-- TC_02_oneWayDomesticBusinessCC -->
        <test-method status="FAIL" signature="tearDownMethod()[pri:0, instance:flynas.ios.uat.reg.TC02_oneWayDomesticBusinessCC@5e0826e7]" name="tearDownMethod" is-config="true" duration-ms="0" started-at="2017-11-21T13:49:14Z" finished-at="2017-11-21T13:49:14Z">
          <exception class="java.lang.NullPointerException">
            <full-stacktrace>
              <![CDATA[java.lang.NullPointerException
	at com.ctaf.accelerators.TestEngine.tearDownMethod(TestEngine.java:487)
	at sun.reflect.NativeMethodAccessorImpl.invoke0(Native Method)
	at sun.reflect.NativeMethodAccessorImpl.invoke(NativeMethodAccessorImpl.java:62)
	at sun.reflect.DelegatingMethodAccessorImpl.invoke(DelegatingMethodAccessorImpl.java:43)
	at java.lang.reflect.Method.invoke(Method.java:497)
	at org.testng.internal.MethodInvocationHelper.invokeMethod(MethodInvocationHelper.java:80)
	at org.testng.internal.Invoker.invokeConfigurationMethod(Invoker.java:564)
	at org.testng.internal.Invoker.invokeConfigurations(Invoker.java:213)
	at org.testng.internal.Invoker.invokeMethod(Invoker.java:786)
	at org.testng.internal.Invoker.invokeTestMethod(Invoker.java:901)
	at org.testng.internal.Invoker.invokeTestMethods(Invoker.java:1231)
	at org.testng.internal.TestMethodWorker.invokeTestMethods(TestMethodWorker.java:127)
	at org.testng.internal.TestMethodWorker.run(TestMethodWorker.java:111)
	at org.testng.TestRunner.privateRun(TestRunner.java:767)
	at org.testng.TestRunner.run(TestRunner.java:617)
	at org.testng.SuiteRunner.runTest(SuiteRunner.java:334)
	at org.testng.SuiteRunner.runSequentially(SuiteRunner.java:329)
	at org.testng.SuiteRunner.privateRun(SuiteRunner.java:291)
	at org.testng.SuiteRunner.run(SuiteRunner.java:240)
	at org.testng.SuiteRunnerWorker.runSuite(SuiteRunnerWorker.java:52)
	at org.testng.SuiteRunnerWorker.run(SuiteRunnerWorker.java:86)
	at org.testng.TestNG.runSuitesSequentially(TestNG.java:1198)
	at org.testng.TestNG.runSuitesLocally(TestNG.java:1123)
	at org.testng.TestNG.run(TestNG.java:1031)
	at org.testng.remote.AbstractRemoteTestNG.run(AbstractRemoteTestNG.java:132)
	at org.testng.remote.RemoteTestNG.initAndRun(RemoteTestNG.java:230)
	at org.testng.remote.RemoteTestNG.main(RemoteTestNG.java:76)
]]>
            </full-stacktrace>
          </exception> <!-- java.lang.NullPointerException -->
          <reporter-output>
          </reporter-output>
        </test-method> <!-- tearDownMethod -->
        <test-method status="PASS" signature="tearDown(org.testng.ITestContext)[pri:0, instance:flynas.ios.uat.reg.TC02_oneWayDomesticBusinessCC@5e0826e7]" name="tearDown" is-config="true" duration-ms="14" started-at="2017-11-21T13:49:14Z" finished-at="2017-11-21T13:49:14Z">
          <params>
            <param index="0">
              <value>
                <![CDATA[org.testng.TestRunner@5b67bb7e]]>
              </value>
            </param>
          </params>
          <reporter-output>
          </reporter-output>
        </test-method> <!-- tearDown -->
      </class> <!-- flynas.ios.uat.reg.TC02_oneWayDomesticBusinessCC -->
      <class name="flynas.ios.uat.reg.TC06_oneWayInternatnlTwoAdultEco">
        <test-method status="SKIP" signature="reportHeader(java.lang.reflect.Method)[pri:0, instance:flynas.ios.uat.reg.TC06_oneWayInternatnlTwoAdultEco@323b36e0]" name="reportHeader" is-config="true" duration-ms="0" started-at="2017-11-21T13:49:14Z" finished-at="2017-11-21T13:49:14Z">
          <reporter-output>
          </reporter-output>
        </test-method> <!-- reportHeader -->
        <test-method status="SKIP" signature="TC_06_oneWayInternatnlTwoAdultEco(java.lang.String, java.lang.String, java.lang.String, java.lang.String, java.lang.String, java.lang.String, java.lang.String, java.lang.String, java.lang.String, java.lang.String, java.lang.String, java.lang.String, java.lang.String, java.lang.String, java.lang.String, java.lang.String, java.lang.String, java.lang.String, java.lang.String, java.lang.String, java.lang.String, java.lang.String, java.lang.String, java.lang.String, java.lang.String, java.lang.String, java.lang.String, java.lang.String)[pri:0, instance:flynas.ios.uat.reg.TC06_oneWayInternatnlTwoAdultEco@323b36e0]" name="TC_06_oneWayInternatnlTwoAdultEco" duration-ms="1" started-at="2017-11-21T13:49:14Z" data-provider="testData" finished-at="2017-11-21T13:49:14Z">
          <params>
            <param index="0">
              <value>
                <![CDATA[One Way]]>
              </value>
            </param>
            <param index="1">
              <value>
                <![CDATA[RUH]]>
              </value>
            </param>
            <param index="2">
              <value>
                <![CDATA[HMB]]>
              </value>
            </param>
            <param index="3">
              <value>
                <![CDATA[Day\\^0]]>
              </value>
            </param>
            <param index="4">
              <value>
                <![CDATA[]]>
              </value>
            </param>
            <param index="5">
              <value>
                <![CDATA[]]>
              </value>
            </param>
            <param index="6">
              <value>
                <![CDATA[Day\\^2]]>
              </value>
            </param>
            <param index="7">
              <value>
                <![CDATA[2]]>
              </value>
            </param>
            <param index="8">
              <value>
                <![CDATA[0]]>
              </value>
            </param>
            <param index="9">
              <value>
                <![CDATA[0]]>
              </value>
            </param>
            <param index="10">
              <value>
                <![CDATA[]]>
              </value>
            </param>
            <param index="11">
              <value>
                <![CDATA[Economy]]>
              </value>
            </param>
            <param index="12">
              <value>
                <![CDATA[Domestic]]>
              </value>
            </param>
            <param index="13">
              <value>
                <![CDATA[3]]>
              </value>
            </param>
            <param index="14">
              <value>
                <![CDATA[Afghanistan]]>
              </value>
            </param>
            <param index="15">
              <value>
                <![CDATA[National ID Card]]>
              </value>
            </param>
            <param index="16">
              <value>
                <![CDATA[F123456]]>
              </value>
            </param>
            <param index="17">
              <value>
                <![CDATA[1234567890]]>
              </value>
            </param>
            <param index="18">
              <value>
                <![CDATA[503368612]]>
              </value>
            </param>
            <param index="19">
              <value>
                <![CDATA[ciginitiautousr1@yopmail.com]]>
              </value>
            </param>
            <param index="20">
              <value>
                <![CDATA[Extra Leg Room]]>
              </value>
            </param>
            <param index="21">
              <value>
                <![CDATA[Credit Card]]>
              </value>
            </param>
            <param index="22">
              <value>
                <![CDATA[]]>
              </value>
            </param>
            <param index="23">
              <value>
                <![CDATA[0]]>
              </value>
            </param>
            <param index="24">
              <value>
                <![CDATA[]]>
              </value>
            </param>
            <param index="25">
              <value>
                <![CDATA[ciginitiautousr1@yopmail.com]]>
              </value>
            </param>
            <param index="26">
              <value>
                <![CDATA[Test@1234]]>
              </value>
            </param>
            <param index="27">
              <value>
                <![CDATA[Validate oneWay International 2 Adult Economy ]]>
              </value>
            </param>
          </params>
          <reporter-output>
          </reporter-output>
        </test-method> <!-- TC_06_oneWayInternatnlTwoAdultEco -->
        <test-method status="FAIL" signature="tearDownMethod()[pri:0, instance:flynas.ios.uat.reg.TC06_oneWayInternatnlTwoAdultEco@323b36e0]" name="tearDownMethod" is-config="true" duration-ms="0" started-at="2017-11-21T13:49:14Z" finished-at="2017-11-21T13:49:14Z">
          <exception class="java.lang.NullPointerException">
            <full-stacktrace>
              <![CDATA[java.lang.NullPointerException
	at com.ctaf.accelerators.TestEngine.tearDownMethod(TestEngine.java:487)
	at sun.reflect.NativeMethodAccessorImpl.invoke0(Native Method)
	at sun.reflect.NativeMethodAccessorImpl.invoke(NativeMethodAccessorImpl.java:62)
	at sun.reflect.DelegatingMethodAccessorImpl.invoke(DelegatingMethodAccessorImpl.java:43)
	at java.lang.reflect.Method.invoke(Method.java:497)
	at org.testng.internal.MethodInvocationHelper.invokeMethod(MethodInvocationHelper.java:80)
	at org.testng.internal.Invoker.invokeConfigurationMethod(Invoker.java:564)
	at org.testng.internal.Invoker.invokeConfigurations(Invoker.java:213)
	at org.testng.internal.Invoker.invokeMethod(Invoker.java:786)
	at org.testng.internal.Invoker.invokeTestMethod(Invoker.java:901)
	at org.testng.internal.Invoker.invokeTestMethods(Invoker.java:1231)
	at org.testng.internal.TestMethodWorker.invokeTestMethods(TestMethodWorker.java:127)
	at org.testng.internal.TestMethodWorker.run(TestMethodWorker.java:111)
	at org.testng.TestRunner.privateRun(TestRunner.java:767)
	at org.testng.TestRunner.run(TestRunner.java:617)
	at org.testng.SuiteRunner.runTest(SuiteRunner.java:334)
	at org.testng.SuiteRunner.runSequentially(SuiteRunner.java:329)
	at org.testng.SuiteRunner.privateRun(SuiteRunner.java:291)
	at org.testng.SuiteRunner.run(SuiteRunner.java:240)
	at org.testng.SuiteRunnerWorker.runSuite(SuiteRunnerWorker.java:52)
	at org.testng.SuiteRunnerWorker.run(SuiteRunnerWorker.java:86)
	at org.testng.TestNG.runSuitesSequentially(TestNG.java:1198)
	at org.testng.TestNG.runSuitesLocally(TestNG.java:1123)
	at org.testng.TestNG.run(TestNG.java:1031)
	at org.testng.remote.AbstractRemoteTestNG.run(AbstractRemoteTestNG.java:132)
	at org.testng.remote.RemoteTestNG.initAndRun(RemoteTestNG.java:230)
	at org.testng.remote.RemoteTestNG.main(RemoteTestNG.java:76)
]]>
            </full-stacktrace>
          </exception> <!-- java.lang.NullPointerException -->
          <reporter-output>
          </reporter-output>
        </test-method> <!-- tearDownMethod -->
      </class> <!-- flynas.ios.uat.reg.TC06_oneWayInternatnlTwoAdultEco -->
      <class name="flynas.ios.uat.reg.TC08_roundTripInt1Adt1chld1infntBusExtras">
        <test-method status="SKIP" signature="reportHeader(java.lang.reflect.Method)[pri:0, instance:flynas.ios.uat.reg.TC08_roundTripInt1Adt1chld1infntBusExtras@694abbdc]" name="reportHeader" is-config="true" duration-ms="0" started-at="2017-11-21T13:49:14Z" finished-at="2017-11-21T13:49:14Z">
          <reporter-output>
          </reporter-output>
        </test-method> <!-- reportHeader -->
        <test-method status="SKIP" signature="TC_08_roundTripInt1Adt1chld1infntBusExtras(java.lang.String, java.lang.String, java.lang.String, java.lang.String, java.lang.String, java.lang.String, java.lang.String, java.lang.String, java.lang.String, java.lang.String, java.lang.String, java.lang.String, java.lang.String, java.lang.String, java.lang.String, java.lang.String, java.lang.String, java.lang.String, java.lang.String, java.lang.String, java.lang.String, java.lang.String, java.lang.String, java.lang.String, java.lang.String, java.lang.String, java.lang.String, java.lang.String)[pri:0, instance:flynas.ios.uat.reg.TC08_roundTripInt1Adt1chld1infntBusExtras@694abbdc]" name="TC_08_roundTripInt1Adt1chld1infntBusExtras" duration-ms="1" started-at="2017-11-21T13:49:14Z" data-provider="testData" finished-at="2017-11-21T13:49:14Z">
          <params>
            <param index="0">
              <value>
                <![CDATA[Round Trip]]>
              </value>
            </param>
            <param index="1">
              <value>
                <![CDATA[DMM]]>
              </value>
            </param>
            <param index="2">
              <value>
                <![CDATA[MED]]>
              </value>
            </param>
            <param index="3">
              <value>
                <![CDATA[Day\\^0]]>
              </value>
            </param>
            <param index="4">
              <value>
                <![CDATA[]]>
              </value>
            </param>
            <param index="5">
              <value>
                <![CDATA[]]>
              </value>
            </param>
            <param index="6">
              <value>
                <![CDATA[Day\\^2]]>
              </value>
            </param>
            <param index="7">
              <value>
                <![CDATA[1]]>
              </value>
            </param>
            <param index="8">
              <value>
                <![CDATA[1]]>
              </value>
            </param>
            <param index="9">
              <value>
                <![CDATA[1]]>
              </value>
            </param>
            <param index="10">
              <value>
                <![CDATA[]]>
              </value>
            </param>
            <param index="11">
              <value>
                <![CDATA[Business]]>
              </value>
            </param>
            <param index="12">
              <value>
                <![CDATA[Domestic]]>
              </value>
            </param>
            <param index="13">
              <value>
                <![CDATA[3]]>
              </value>
            </param>
            <param index="14">
              <value>
                <![CDATA[Afghanistan]]>
              </value>
            </param>
            <param index="15">
              <value>
                <![CDATA[National ID Card]]>
              </value>
            </param>
            <param index="16">
              <value>
                <![CDATA[F123456]]>
              </value>
            </param>
            <param index="17">
              <value>
                <![CDATA[1234567890]]>
              </value>
            </param>
            <param index="18">
              <value>
                <![CDATA[503368612]]>
              </value>
            </param>
            <param index="19">
              <value>
                <![CDATA[ciginitiautousr1@yopmail.com]]>
              </value>
            </param>
            <param index="20">
              <value>
                <![CDATA[Extra Leg Room]]>
              </value>
            </param>
            <param index="21">
              <value>
                <![CDATA[Credit Card]]>
              </value>
            </param>
            <param index="22">
              <value>
                <![CDATA[]]>
              </value>
            </param>
            <param index="23">
              <value>
                <![CDATA[0]]>
              </value>
            </param>
            <param index="24">
              <value>
                <![CDATA[]]>
              </value>
            </param>
            <param index="25">
              <value>
                <![CDATA[ciginitiautousr1@yopmail.com]]>
              </value>
            </param>
            <param index="26">
              <value>
                <![CDATA[Test@1234]]>
              </value>
            </param>
            <param index="27">
              <value>
                <![CDATA[Validate roundTrip Intrnational 1 Adult 1 chld 1 infnt Bus Extras]]>
              </value>
            </param>
          </params>
          <reporter-output>
          </reporter-output>
        </test-method> <!-- TC_08_roundTripInt1Adt1chld1infntBusExtras -->
        <test-method status="FAIL" signature="tearDownMethod()[pri:0, instance:flynas.ios.uat.reg.TC08_roundTripInt1Adt1chld1infntBusExtras@694abbdc]" name="tearDownMethod" is-config="true" duration-ms="0" started-at="2017-11-21T13:49:14Z" finished-at="2017-11-21T13:49:14Z">
          <exception class="java.lang.NullPointerException">
            <full-stacktrace>
              <![CDATA[java.lang.NullPointerException
	at com.ctaf.accelerators.TestEngine.tearDownMethod(TestEngine.java:487)
	at sun.reflect.NativeMethodAccessorImpl.invoke0(Native Method)
	at sun.reflect.NativeMethodAccessorImpl.invoke(NativeMethodAccessorImpl.java:62)
	at sun.reflect.DelegatingMethodAccessorImpl.invoke(DelegatingMethodAccessorImpl.java:43)
	at java.lang.reflect.Method.invoke(Method.java:497)
	at org.testng.internal.MethodInvocationHelper.invokeMethod(MethodInvocationHelper.java:80)
	at org.testng.internal.Invoker.invokeConfigurationMethod(Invoker.java:564)
	at org.testng.internal.Invoker.invokeConfigurations(Invoker.java:213)
	at org.testng.internal.Invoker.invokeMethod(Invoker.java:786)
	at org.testng.internal.Invoker.invokeTestMethod(Invoker.java:901)
	at org.testng.internal.Invoker.invokeTestMethods(Invoker.java:1231)
	at org.testng.internal.TestMethodWorker.invokeTestMethods(TestMethodWorker.java:127)
	at org.testng.internal.TestMethodWorker.run(TestMethodWorker.java:111)
	at org.testng.TestRunner.privateRun(TestRunner.java:767)
	at org.testng.TestRunner.run(TestRunner.java:617)
	at org.testng.SuiteRunner.runTest(SuiteRunner.java:334)
	at org.testng.SuiteRunner.runSequentially(SuiteRunner.java:329)
	at org.testng.SuiteRunner.privateRun(SuiteRunner.java:291)
	at org.testng.SuiteRunner.run(SuiteRunner.java:240)
	at org.testng.SuiteRunnerWorker.runSuite(SuiteRunnerWorker.java:52)
	at org.testng.SuiteRunnerWorker.run(SuiteRunnerWorker.java:86)
	at org.testng.TestNG.runSuitesSequentially(TestNG.java:1198)
	at org.testng.TestNG.runSuitesLocally(TestNG.java:1123)
	at org.testng.TestNG.run(TestNG.java:1031)
	at org.testng.remote.AbstractRemoteTestNG.run(AbstractRemoteTestNG.java:132)
	at org.testng.remote.RemoteTestNG.initAndRun(RemoteTestNG.java:230)
	at org.testng.remote.RemoteTestNG.main(RemoteTestNG.java:76)
]]>
            </full-stacktrace>
          </exception> <!-- java.lang.NullPointerException -->
          <reporter-output>
          </reporter-output>
        </test-method> <!-- tearDownMethod -->
      </class> <!-- flynas.ios.uat.reg.TC08_roundTripInt1Adt1chld1infntBusExtras -->
      <class name="flynas.ios.uat.reg.TC07_roundTripDomFourAdultBusines">
        <test-method status="SKIP" signature="reportHeader(java.lang.reflect.Method)[pri:0, instance:flynas.ios.uat.reg.TC07_roundTripDomFourAdultBusines@44ebcd03]" name="reportHeader" is-config="true" duration-ms="0" started-at="2017-11-21T13:49:14Z" finished-at="2017-11-21T13:49:14Z">
          <reporter-output>
          </reporter-output>
        </test-method> <!-- reportHeader -->
        <test-method status="SKIP" signature="TC_06_oneWayInternatnlTwoAdultEco(java.lang.String, java.lang.String, java.lang.String, java.lang.String, java.lang.String, java.lang.String, java.lang.String, java.lang.String, java.lang.String, java.lang.String, java.lang.String, java.lang.String, java.lang.String, java.lang.String, java.lang.String, java.lang.String, java.lang.String, java.lang.String, java.lang.String, java.lang.String, java.lang.String, java.lang.String, java.lang.String, java.lang.String, java.lang.String, java.lang.String, java.lang.String, java.lang.String)[pri:0, instance:flynas.ios.uat.reg.TC07_roundTripDomFourAdultBusines@44ebcd03]" name="TC_06_oneWayInternatnlTwoAdultEco" duration-ms="1" started-at="2017-11-21T13:49:14Z" data-provider="testData" finished-at="2017-11-21T13:49:14Z">
          <params>
            <param index="0">
              <value>
                <![CDATA[Round Trip]]>
              </value>
            </param>
            <param index="1">
              <value>
                <![CDATA[RUH]]>
              </value>
            </param>
            <param index="2">
              <value>
                <![CDATA[HMB]]>
              </value>
            </param>
            <param index="3">
              <value>
                <![CDATA[Day\\^0]]>
              </value>
            </param>
            <param index="4">
              <value>
                <![CDATA[]]>
              </value>
            </param>
            <param index="5">
              <value>
                <![CDATA[]]>
              </value>
            </param>
            <param index="6">
              <value>
                <![CDATA[Day\\^2]]>
              </value>
            </param>
            <param index="7">
              <value>
                <![CDATA[4]]>
              </value>
            </param>
            <param index="8">
              <value>
                <![CDATA[0]]>
              </value>
            </param>
            <param index="9">
              <value>
                <![CDATA[0]]>
              </value>
            </param>
            <param index="10">
              <value>
                <![CDATA[]]>
              </value>
            </param>
            <param index="11">
              <value>
                <![CDATA[Business]]>
              </value>
            </param>
            <param index="12">
              <value>
                <![CDATA[Domestic]]>
              </value>
            </param>
            <param index="13">
              <value>
                <![CDATA[4]]>
              </value>
            </param>
            <param index="14">
              <value>
                <![CDATA[Afghanistan]]>
              </value>
            </param>
            <param index="15">
              <value>
                <![CDATA[National ID Card]]>
              </value>
            </param>
            <param index="16">
              <value>
                <![CDATA[F123456]]>
              </value>
            </param>
            <param index="17">
              <value>
                <![CDATA[1234567890]]>
              </value>
            </param>
            <param index="18">
              <value>
                <![CDATA[503368612]]>
              </value>
            </param>
            <param index="19">
              <value>
                <![CDATA[ciginitiautousr1@yopmail.com]]>
              </value>
            </param>
            <param index="20">
              <value>
                <![CDATA[Extra Leg Room]]>
              </value>
            </param>
            <param index="21">
              <value>
                <![CDATA[Credit Card]]>
              </value>
            </param>
            <param index="22">
              <value>
                <![CDATA[]]>
              </value>
            </param>
            <param index="23">
              <value>
                <![CDATA[0]]>
              </value>
            </param>
            <param index="24">
              <value>
                <![CDATA[]]>
              </value>
            </param>
            <param index="25">
              <value>
                <![CDATA[ciginitiautousr1@yopmail.com]]>
              </value>
            </param>
            <param index="26">
              <value>
                <![CDATA[Test@1234]]>
              </value>
            </param>
            <param index="27">
              <value>
                <![CDATA[Validate roundTrip Domestic Four Adult Busines]]>
              </value>
            </param>
          </params>
          <reporter-output>
          </reporter-output>
        </test-method> <!-- TC_06_oneWayInternatnlTwoAdultEco -->
        <test-method status="FAIL" signature="tearDownMethod()[pri:0, instance:flynas.ios.uat.reg.TC07_roundTripDomFourAdultBusines@44ebcd03]" name="tearDownMethod" is-config="true" duration-ms="0" started-at="2017-11-21T13:49:14Z" finished-at="2017-11-21T13:49:14Z">
          <exception class="java.lang.NullPointerException">
            <full-stacktrace>
              <![CDATA[java.lang.NullPointerException
	at com.ctaf.accelerators.TestEngine.tearDownMethod(TestEngine.java:487)
	at sun.reflect.NativeMethodAccessorImpl.invoke0(Native Method)
	at sun.reflect.NativeMethodAccessorImpl.invoke(NativeMethodAccessorImpl.java:62)
	at sun.reflect.DelegatingMethodAccessorImpl.invoke(DelegatingMethodAccessorImpl.java:43)
	at java.lang.reflect.Method.invoke(Method.java:497)
	at org.testng.internal.MethodInvocationHelper.invokeMethod(MethodInvocationHelper.java:80)
	at org.testng.internal.Invoker.invokeConfigurationMethod(Invoker.java:564)
	at org.testng.internal.Invoker.invokeConfigurations(Invoker.java:213)
	at org.testng.internal.Invoker.invokeMethod(Invoker.java:786)
	at org.testng.internal.Invoker.invokeTestMethod(Invoker.java:901)
	at org.testng.internal.Invoker.invokeTestMethods(Invoker.java:1231)
	at org.testng.internal.TestMethodWorker.invokeTestMethods(TestMethodWorker.java:127)
	at org.testng.internal.TestMethodWorker.run(TestMethodWorker.java:111)
	at org.testng.TestRunner.privateRun(TestRunner.java:767)
	at org.testng.TestRunner.run(TestRunner.java:617)
	at org.testng.SuiteRunner.runTest(SuiteRunner.java:334)
	at org.testng.SuiteRunner.runSequentially(SuiteRunner.java:329)
	at org.testng.SuiteRunner.privateRun(SuiteRunner.java:291)
	at org.testng.SuiteRunner.run(SuiteRunner.java:240)
	at org.testng.SuiteRunnerWorker.runSuite(SuiteRunnerWorker.java:52)
	at org.testng.SuiteRunnerWorker.run(SuiteRunnerWorker.java:86)
	at org.testng.TestNG.runSuitesSequentially(TestNG.java:1198)
	at org.testng.TestNG.runSuitesLocally(TestNG.java:1123)
	at org.testng.TestNG.run(TestNG.java:1031)
	at org.testng.remote.AbstractRemoteTestNG.run(AbstractRemoteTestNG.java:132)
	at org.testng.remote.RemoteTestNG.initAndRun(RemoteTestNG.java:230)
	at org.testng.remote.RemoteTestNG.main(RemoteTestNG.java:76)
]]>
            </full-stacktrace>
          </exception> <!-- java.lang.NullPointerException -->
          <reporter-output>
          </reporter-output>
        </test-method> <!-- tearDownMethod -->
      </class> <!-- flynas.ios.uat.reg.TC07_roundTripDomFourAdultBusines -->
      <class name="flynas.ios.uat.reg.TC01_oneWayDomesticEcoSADAD">
        <test-method status="FAIL" signature="reportHeader(java.lang.reflect.Method)[pri:0, instance:flynas.ios.uat.reg.TC01_oneWayDomesticEcoSADAD@2e005c4b]" name="reportHeader" is-config="true" duration-ms="0" started-at="2017-11-21T13:49:14Z" finished-at="2017-11-21T13:49:14Z">
          <params>
            <param index="0">
              <value>
                <![CDATA[public void flynas.ios.uat.reg.TC01_oneWayDomesticEcoSADAD.TC_01_oneWayDomesticEcoSADAD(java.lang.String,java.lang.String,java.lang.String,java.lang.String,java.lang.String,java.lang.String,java.lang.String,java.lang.String,java.lang.String,java.lang.String,java.lang.String,java.lang.String,java.lang.String,java.lang.String,java.lang.String,java.lang.String,java.lang.String,java.lang.String,java.lang.String,java.lang.String,java.lang.String,java.lang.String,java.lang.String,java.lang.String,java.lang.String,java.lang.String,java.lang.String,java.lang.String) throws java.lang.Throwable]]>
              </value>
            </param>
          </params>
          <exception class="java.lang.NullPointerException">
            <full-stacktrace>
              <![CDATA[java.lang.NullPointerException
	at com.ctaf.accelerators.TestEngine.reportHeader(TestEngine.java:439)
	at sun.reflect.NativeMethodAccessorImpl.invoke0(Native Method)
	at sun.reflect.NativeMethodAccessorImpl.invoke(NativeMethodAccessorImpl.java:62)
	at sun.reflect.DelegatingMethodAccessorImpl.invoke(DelegatingMethodAccessorImpl.java:43)
	at java.lang.reflect.Method.invoke(Method.java:497)
	at org.testng.internal.MethodInvocationHelper.invokeMethod(MethodInvocationHelper.java:80)
	at org.testng.internal.Invoker.invokeConfigurationMethod(Invoker.java:564)
	at org.testng.internal.Invoker.invokeConfigurations(Invoker.java:213)
	at org.testng.internal.Invoker.invokeMethod(Invoker.java:653)
	at org.testng.internal.Invoker.invokeTestMethod(Invoker.java:901)
	at org.testng.internal.Invoker.invokeTestMethods(Invoker.java:1231)
	at org.testng.internal.TestMethodWorker.invokeTestMethods(TestMethodWorker.java:127)
	at org.testng.internal.TestMethodWorker.run(TestMethodWorker.java:111)
	at org.testng.TestRunner.privateRun(TestRunner.java:767)
	at org.testng.TestRunner.run(TestRunner.java:617)
	at org.testng.SuiteRunner.runTest(SuiteRunner.java:334)
	at org.testng.SuiteRunner.runSequentially(SuiteRunner.java:329)
	at org.testng.SuiteRunner.privateRun(SuiteRunner.java:291)
	at org.testng.SuiteRunner.run(SuiteRunner.java:240)
	at org.testng.SuiteRunnerWorker.runSuite(SuiteRunnerWorker.java:52)
	at org.testng.SuiteRunnerWorker.run(SuiteRunnerWorker.java:86)
	at org.testng.TestNG.runSuitesSequentially(TestNG.java:1198)
	at org.testng.TestNG.runSuitesLocally(TestNG.java:1123)
	at org.testng.TestNG.run(TestNG.java:1031)
	at org.testng.remote.AbstractRemoteTestNG.run(AbstractRemoteTestNG.java:132)
	at org.testng.remote.RemoteTestNG.initAndRun(RemoteTestNG.java:230)
	at org.testng.remote.RemoteTestNG.main(RemoteTestNG.java:76)
]]>
            </full-stacktrace>
          </exception> <!-- java.lang.NullPointerException -->
          <reporter-output>
          </reporter-output>
        </test-method> <!-- reportHeader -->
        <test-method status="SKIP" signature="TC_01_oneWayDomesticEcoSADAD(java.lang.String, java.lang.String, java.lang.String, java.lang.String, java.lang.String, java.lang.String, java.lang.String, java.lang.String, java.lang.String, java.lang.String, java.lang.String, java.lang.String, java.lang.String, java.lang.String, java.lang.String, java.lang.String, java.lang.String, java.lang.String, java.lang.String, java.lang.String, java.lang.String, java.lang.String, java.lang.String, java.lang.String, java.lang.String, java.lang.String, java.lang.String, java.lang.String)[pri:0, instance:flynas.ios.uat.reg.TC01_oneWayDomesticEcoSADAD@2e005c4b]" name="TC_01_oneWayDomesticEcoSADAD" duration-ms="2" started-at="2017-11-21T13:49:14Z" data-provider="testData" finished-at="2017-11-21T13:49:14Z">
          <params>
            <param index="0">
              <value>
                <![CDATA[One Way]]>
              </value>
            </param>
            <param index="1">
              <value>
                <![CDATA[RUH]]>
              </value>
            </param>
            <param index="2">
              <value>
                <![CDATA[JED]]>
              </value>
            </param>
            <param index="3">
              <value>
                <![CDATA[Day\\^0]]>
              </value>
            </param>
            <param index="4">
              <value>
                <![CDATA[]]>
              </value>
            </param>
            <param index="5">
              <value>
                <![CDATA[]]>
              </value>
            </param>
            <param index="6">
              <value>
                <![CDATA[Day\\^2]]>
              </value>
            </param>
            <param index="7">
              <value>
                <![CDATA[1]]>
              </value>
            </param>
            <param index="8">
              <value>
                <![CDATA[0]]>
              </value>
            </param>
            <param index="9">
              <value>
                <![CDATA[0]]>
              </value>
            </param>
            <param index="10">
              <value>
                <![CDATA[]]>
              </value>
            </param>
            <param index="11">
              <value>
                <![CDATA[Economy]]>
              </value>
            </param>
            <param index="12">
              <value>
                <![CDATA[Domestic]]>
              </value>
            </param>
            <param index="13">
              <value>
                <![CDATA[1]]>
              </value>
            </param>
            <param index="14">
              <value>
                <![CDATA[Afghanistan]]>
              </value>
            </param>
            <param index="15">
              <value>
                <![CDATA[National ID Card]]>
              </value>
            </param>
            <param index="16">
              <value>
                <![CDATA[F123456]]>
              </value>
            </param>
            <param index="17">
              <value>
                <![CDATA[1234567890]]>
              </value>
            </param>
            <param index="18">
              <value>
                <![CDATA[503368612]]>
              </value>
            </param>
            <param index="19">
              <value>
                <![CDATA[ciginitiautousr1@yopmail.com]]>
              </value>
            </param>
            <param index="20">
              <value>
                <![CDATA[Extra Leg Room]]>
              </value>
            </param>
            <param index="21">
              <value>
                <![CDATA[SADAD]]>
              </value>
            </param>
            <param index="22">
              <value>
                <![CDATA[]]>
              </value>
            </param>
            <param index="23">
              <value>
                <![CDATA[0]]>
              </value>
            </param>
            <param index="24">
              <value>
                <![CDATA[]]>
              </value>
            </param>
            <param index="25">
              <value>
                <![CDATA[ciginitiautousr1@yopmail.com]]>
              </value>
            </param>
            <param index="26">
              <value>
                <![CDATA[Test@1234]]>
              </value>
            </param>
            <param index="27">
              <value>
                <![CDATA[Validate oneWay Domestic Economy with SADAD]]>
              </value>
            </param>
          </params>
          <reporter-output>
          </reporter-output>
        </test-method> <!-- TC_01_oneWayDomesticEcoSADAD -->
        <test-method status="FAIL" signature="tearDownMethod()[pri:0, instance:flynas.ios.uat.reg.TC01_oneWayDomesticEcoSADAD@2e005c4b]" name="tearDownMethod" is-config="true" duration-ms="0" started-at="2017-11-21T13:49:14Z" finished-at="2017-11-21T13:49:14Z">
          <exception class="java.lang.NullPointerException">
            <full-stacktrace>
              <![CDATA[java.lang.NullPointerException
	at com.ctaf.accelerators.TestEngine.tearDownMethod(TestEngine.java:487)
	at sun.reflect.NativeMethodAccessorImpl.invoke0(Native Method)
	at sun.reflect.NativeMethodAccessorImpl.invoke(NativeMethodAccessorImpl.java:62)
	at sun.reflect.DelegatingMethodAccessorImpl.invoke(DelegatingMethodAccessorImpl.java:43)
	at java.lang.reflect.Method.invoke(Method.java:497)
	at org.testng.internal.MethodInvocationHelper.invokeMethod(MethodInvocationHelper.java:80)
	at org.testng.internal.Invoker.invokeConfigurationMethod(Invoker.java:564)
	at org.testng.internal.Invoker.invokeConfigurations(Invoker.java:213)
	at org.testng.internal.Invoker.invokeMethod(Invoker.java:786)
	at org.testng.internal.Invoker.invokeTestMethod(Invoker.java:901)
	at org.testng.internal.Invoker.invokeTestMethods(Invoker.java:1231)
	at org.testng.internal.TestMethodWorker.invokeTestMethods(TestMethodWorker.java:127)
	at org.testng.internal.TestMethodWorker.run(TestMethodWorker.java:111)
	at org.testng.TestRunner.privateRun(TestRunner.java:767)
	at org.testng.TestRunner.run(TestRunner.java:617)
	at org.testng.SuiteRunner.runTest(SuiteRunner.java:334)
	at org.testng.SuiteRunner.runSequentially(SuiteRunner.java:329)
	at org.testng.SuiteRunner.privateRun(SuiteRunner.java:291)
	at org.testng.SuiteRunner.run(SuiteRunner.java:240)
	at org.testng.SuiteRunnerWorker.runSuite(SuiteRunnerWorker.java:52)
	at org.testng.SuiteRunnerWorker.run(SuiteRunnerWorker.java:86)
	at org.testng.TestNG.runSuitesSequentially(TestNG.java:1198)
	at org.testng.TestNG.runSuitesLocally(TestNG.java:1123)
	at org.testng.TestNG.run(TestNG.java:1031)
	at org.testng.remote.AbstractRemoteTestNG.run(AbstractRemoteTestNG.java:132)
	at org.testng.remote.RemoteTestNG.initAndRun(RemoteTestNG.java:230)
	at org.testng.remote.RemoteTestNG.main(RemoteTestNG.java:76)
]]>
            </full-stacktrace>
          </exception> <!-- java.lang.NullPointerException -->
          <reporter-output>
          </reporter-output>
        </test-method> <!-- tearDownMethod -->
      </class> <!-- flynas.ios.uat.reg.TC01_oneWayDomesticEcoSADAD -->
    </test> <!-- Grouping -->
  </suite> <!-- Flynas -->
</testng-results>
